<?xml version="1.0" encoding="UTF-8"?>
<testsuite xmlns:xsi="http://www.w3.org/2001/XMLSchema-instance" xsi:noNamespaceSchemaLocation="https://maven.apache.org/surefire/maven-surefire-plugin/xsd/surefire-test-report.xsd" name="fr.bouvier.marc.kata.FizzBuzzTest" time="0.771" tests="200" errors="0" skipped="0" failures="0">
  <properties>
[...]
</properties>
  <testcase name="test_stage_1{int, String}[1]" classname="fr.bouvier.marc.kata.FizzBuzzTest" time="0.056"/>
  <testcase name="test_stage_1{int, String}[2]" classname="fr.bouvier.marc.kata.FizzBuzzTest" time="0.001"/>
  <testcase name="test_stage_1{int, String}[3]" classname="fr.bouvier.marc.kata.FizzBuzzTest" time="0.001"/>
  <testcase name="test_stage_1{int, String}[4]" classname="fr.bouvier.marc.kata.FizzBuzzTest" time="0"/>
  <testcase name="test_stage_1{int, String}[5]" classname="fr.bouvier.marc.kata.FizzBuzzTest" time="0.001"/>
  <testcase name="test_stage_1{int, String}[6]" classname="fr.bouvier.marc.kata.FizzBuzzTest" time="0.002"/>
  <testcase name="test_stage_1{int, String}[7]" classname="fr.bouvier.marc.kata.FizzBuzzTest" time="0.001"/>
  <testcase name="test_stage_1{int, String}[8]" classname="fr.bouvier.marc.kata.FizzBuzzTest" time="0.004"/>
  <testcase name="test_stage_1{int, String}[9]" classname="fr.bouvier.marc.kata.FizzBuzzTest" time="0.001"/>
  <testcase name="test_stage_1{int, String}[10]" classname="fr.bouvier.marc.kata.FizzBuzzTest" time="0.002"/>
  <testcase name="test_stage_1{int, String}[11]" classname="fr.bouvier.marc.kata.FizzBuzzTest" time="0.001"/>
  <testcase name="test_stage_1{int, String}[12]" classname="fr.bouvier.marc.kata.FizzBuzzTest" time="0.001"/>
  <testcase name="test_stage_1{int, String}[13]" classname="fr.bouvier.marc.kata.FizzBuzzTest" time="0.001"/>
  <testcase name="test_stage_1{int, String}[14]" classname="fr.bouvier.marc.kata.FizzBuzzTest" time="0.001"/>
  <testcase name="test_stage_1{int, String}[15]" classname="fr.bouvier.marc.kata.FizzBuzzTest" time="0.002"/>
  <testcase name="test_stage_1{int, String}[16]" classname="fr.bouvier.marc.kata.FizzBuzzTest" time="0.003"/>
  <testcase name="test_stage_1{int, String}[17]" classname="fr.bouvier.marc.kata.FizzBuzzTest" time="0.002"/>
  <testcase name="test_stage_1{int, String}[18]" classname="fr.bouvier.marc.kata.FizzBuzzTest" time="0.001"/>
  <testcase name="test_stage_1{int, String}[19]" classname="fr.bouvier.marc.kata.FizzBuzzTest" time="0.001"/>
  <testcase name="test_stage_1{int, String}[20]" classname="fr.bouvier.marc.kata.FizzBuzzTest" time="0.001"/>
  <testcase name="test_stage_1{int, String}[21]" classname="fr.bouvier.marc.kata.FizzBuzzTest" time="0.001"/>
  <testcase name="test_stage_1{int, String}[22]" classname="fr.bouvier.marc.kata.FizzBuzzTest" time="0.001"/>
  <testcase name="test_stage_1{int, String}[23]" classname="fr.bouvier.marc.kata.FizzBuzzTest" time="0.001"/>
  <testcase name="test_stage_1{int, String}[24]" classname="fr.bouvier.marc.kata.FizzBuzzTest" time="0"/>
  <testcase name="test_stage_1{int, String}[25]" classname="fr.bouvier.marc.kata.FizzBuzzTest" time="0"/>
  <testcase name="test_stage_1{int, String}[26]" classname="fr.bouvier.marc.kata.FizzBuzzTest" time="0.001"/>
  <testcase name="test_stage_1{int, String}[27]" classname="fr.bouvier.marc.kata.FizzBuzzTest" time="0"/>
  <testcase name="test_stage_1{int, String}[28]" classname="fr.bouvier.marc.kata.FizzBuzzTest" time="0.001"/>
  <testcase name="test_stage_1{int, String}[29]" classname="fr.bouvier.marc.kata.FizzBuzzTest" time="0.001"/>
  <testcase name="test_stage_1{int, String}[30]" classname="fr.bouvier.marc.kata.FizzBuzzTest" time="0"/>
  <testcase name="test_stage_1{int, String}[31]" classname="fr.bouvier.marc.kata.FizzBuzzTest" time="0.001"/>
  <testcase name="test_stage_1{int, String}[32]" classname="fr.bouvier.marc.kata.FizzBuzzTest" time="0.001"/>
  <testcase name="test_stage_1{int, String}[33]" classname="fr.bouvier.marc.kata.FizzBuzzTest" time="0.001"/>
  <testcase name="test_stage_1{int, String}[34]" classname="fr.bouvier.marc.kata.FizzBuzzTest" time="0.001"/>
  <testcase name="test_stage_1{int, String}[35]" classname="fr.bouvier.marc.kata.FizzBuzzTest" time="0.001"/>
  <testcase name="test_stage_1{int, String}[36]" classname="fr.bouvier.marc.kata.FizzBuzzTest" time="0.002"/>
  <testcase name="test_stage_1{int, String}[37]" classname="fr.bouvier.marc.kata.FizzBuzzTest" time="0.001"/>
  <testcase name="test_stage_1{int, String}[38]" classname="fr.bouvier.marc.kata.FizzBuzzTest" time="0.002"/>
  <testcase name="test_stage_1{int, String}[39]" classname="fr.bouvier.marc.kata.FizzBuzzTest" time="0.001"/>
  <testcase name="test_stage_1{int, String}[40]" classname="fr.bouvier.marc.kata.FizzBuzzTest" time="0.001"/>
  <testcase name="test_stage_1{int, String}[41]" classname="fr.bouvier.marc.kata.FizzBuzzTest" time="0.001"/>
  <testcase name="test_stage_1{int, String}[42]" classname="fr.bouvier.marc.kata.FizzBuzzTest" time="0.001"/>
  <testcase name="test_stage_1{int, String}[43]" classname="fr.bouvier.marc.kata.FizzBuzzTest" time="0.001"/>
  <testcase name="test_stage_1{int, String}[44]" classname="fr.bouvier.marc.kata.FizzBuzzTest" time="0.001"/>
  <testcase name="test_stage_1{int, String}[45]" classname="fr.bouvier.marc.kata.FizzBuzzTest" time="0.001"/>
  <testcase name="test_stage_1{int, String}[46]" classname="fr.bouvier.marc.kata.FizzBuzzTest" time="0"/>
  <testcase name="test_stage_1{int, String}[47]" classname="fr.bouvier.marc.kata.FizzBuzzTest" time="0.001"/>
  <testcase name="test_stage_1{int, String}[48]" classname="fr.bouvier.marc.kata.FizzBuzzTest" time="0.001"/>
  <testcase name="test_stage_1{int, String}[49]" classname="fr.bouvier.marc.kata.FizzBuzzTest" time="0.003"/>
  <testcase name="test_stage_1{int, String}[50]" classname="fr.bouvier.marc.kata.FizzBuzzTest" time="0.002"/>
  <testcase name="test_stage_1{int, String}[51]" classname="fr.bouvier.marc.kata.FizzBuzzTest" time="0.001"/>
  <testcase name="test_stage_1{int, String}[52]" classname="fr.bouvier.marc.kata.FizzBuzzTest" time="0.001"/>
  <testcase name="test_stage_1{int, String}[53]" classname="fr.bouvier.marc.kata.FizzBuzzTest" time="0.002"/>
  <testcase name="test_stage_1{int, String}[54]" classname="fr.bouvier.marc.kata.FizzBuzzTest" time="0.001"/>
  <testcase name="test_stage_1{int, String}[55]" classname="fr.bouvier.marc.kata.FizzBuzzTest" time="0.001"/>
  <testcase name="test_stage_1{int, String}[56]" classname="fr.bouvier.marc.kata.FizzBuzzTest" time="0.001"/>
  <testcase name="test_stage_1{int, String}[57]" classname="fr.bouvier.marc.kata.FizzBuzzTest" time="0"/>
  <testcase name="test_stage_1{int, String}[58]" classname="fr.bouvier.marc.kata.FizzBuzzTest" time="0"/>
  <testcase name="test_stage_1{int, String}[59]" classname="fr.bouvier.marc.kata.FizzBuzzTest" time="0"/>
  <testcase name="test_stage_1{int, String}[60]" classname="fr.bouvier.marc.kata.FizzBuzzTest" time="0.003"/>
  <testcase name="test_stage_1{int, String}[61]" classname="fr.bouvier.marc.kata.FizzBuzzTest" time="0.001"/>
  <testcase name="test_stage_1{int, String}[62]" classname="fr.bouvier.marc.kata.FizzBuzzTest" time="0.001"/>
  <testcase name="test_stage_1{int, String}[63]" classname="fr.bouvier.marc.kata.FizzBuzzTest" time="0.001"/>
  <testcase name="test_stage_1{int, String}[64]" classname="fr.bouvier.marc.kata.FizzBuzzTest" time="0.001"/>
  <testcase name="test_stage_1{int, String}[65]" classname="fr.bouvier.marc.kata.FizzBuzzTest" time="0"/>
  <testcase name="test_stage_1{int, String}[66]" classname="fr.bouvier.marc.kata.FizzBuzzTest" time="0.001"/>
  <testcase name="test_stage_1{int, String}[67]" classname="fr.bouvier.marc.kata.FizzBuzzTest" time="0.001"/>
  <testcase name="test_stage_1{int, String}[68]" classname="fr.bouvier.marc.kata.FizzBuzzTest" time="0"/>
  <testcase name="test_stage_1{int, String}[69]" classname="fr.bouvier.marc.kata.FizzBuzzTest" time="0.001"/>
  <testcase name="test_stage_1{int, String}[70]" classname="fr.bouvier.marc.kata.FizzBuzzTest" time="0.001"/>
  <testcase name="test_stage_1{int, String}[71]" classname="fr.bouvier.marc.kata.FizzBuzzTest" time="0.001"/>
  <testcase name="test_stage_1{int, String}[72]" classname="fr.bouvier.marc.kata.FizzBuzzTest" time="0.001"/>
  <testcase name="test_stage_1{int, String}[73]" classname="fr.bouvier.marc.kata.FizzBuzzTest" time="0.001"/>
  <testcase name="test_stage_1{int, String}[74]" classname="fr.bouvier.marc.kata.FizzBuzzTest" time="0.001"/>
  <testcase name="test_stage_1{int, String}[75]" classname="fr.bouvier.marc.kata.FizzBuzzTest" time="0.001"/>
  <testcase name="test_stage_1{int, String}[76]" classname="fr.bouvier.marc.kata.FizzBuzzTest" time="0.001"/>
  <testcase name="test_stage_1{int, String}[77]" classname="fr.bouvier.marc.kata.FizzBuzzTest" time="0.001"/>
  <testcase name="test_stage_1{int, String}[78]" classname="fr.bouvier.marc.kata.FizzBuzzTest" time="0.001"/>
  <testcase name="test_stage_1{int, String}[79]" classname="fr.bouvier.marc.kata.FizzBuzzTest" time="0.001"/>
  <testcase name="test_stage_1{int, String}[80]" classname="fr.bouvier.marc.kata.FizzBuzzTest" time="0.001"/>
  <testcase name="test_stage_1{int, String}[81]" classname="fr.bouvier.marc.kata.FizzBuzzTest" time="0.001"/>
  <testcase name="test_stage_1{int, String}[82]" classname="fr.bouvier.marc.kata.FizzBuzzTest" time="0"/>
  <testcase name="test_stage_1{int, String}[83]" classname="fr.bouvier.marc.kata.FizzBuzzTest" time="0.001"/>
  <testcase name="test_stage_1{int, String}[84]" classname="fr.bouvier.marc.kata.FizzBuzzTest" time="0.001"/>
  <testcase name="test_stage_1{int, String}[85]" classname="fr.bouvier.marc.kata.FizzBuzzTest" time="0.001"/>
  <testcase name="test_stage_1{int, String}[86]" classname="fr.bouvier.marc.kata.FizzBuzzTest" time="0.001"/>
  <testcase name="test_stage_1{int, String}[87]" classname="fr.bouvier.marc.kata.FizzBuzzTest" time="0"/>
  <testcase name="test_stage_1{int, String}[88]" classname="fr.bouvier.marc.kata.FizzBuzzTest" time="0.001"/>
  <testcase name="test_stage_1{int, String}[89]" classname="fr.bouvier.marc.kata.FizzBuzzTest" time="0.001"/>
  <testcase name="test_stage_1{int, String}[90]" classname="fr.bouvier.marc.kata.FizzBuzzTest" time="0.001"/>
  <testcase name="test_stage_1{int, String}[91]" classname="fr.bouvier.marc.kata.FizzBuzzTest" time="0.001"/>
  <testcase name="test_stage_1{int, String}[92]" classname="fr.bouvier.marc.kata.FizzBuzzTest" time="0.001"/>
  <testcase name="test_stage_1{int, String}[93]" classname="fr.bouvier.marc.kata.FizzBuzzTest" time="0"/>
  <testcase name="test_stage_1{int, String}[94]" classname="fr.bouvier.marc.kata.FizzBuzzTest" time="0.001"/>
  <testcase name="test_stage_1{int, String}[95]" classname="fr.bouvier.marc.kata.FizzBuzzTest" time="0.001"/>
  <testcase name="test_stage_1{int, String}[96]" classname="fr.bouvier.marc.kata.FizzBuzzTest" time="0"/>
  <testcase name="test_stage_1{int, String}[97]" classname="fr.bouvier.marc.kata.FizzBuzzTest" time="0.001"/>
  <testcase name="test_stage_1{int, String}[98]" classname="fr.bouvier.marc.kata.FizzBuzzTest" time="0.001"/>
  <testcase name="test_stage_1{int, String}[99]" classname="fr.bouvier.marc.kata.FizzBuzzTest" time="0"/>
  <testcase name="test_stage_1{int, String}[100]" classname="fr.bouvier.marc.kata.FizzBuzzTest" time="0.002"/>
  <testcase name="test_stage_2{int, String}[1]" classname="fr.bouvier.marc.kata.FizzBuzzTest" time="0.001"/>
  <testcase name="test_stage_2{int, String}[2]" classname="fr.bouvier.marc.kata.FizzBuzzTest" time="0.001"/>
  <testcase name="test_stage_2{int, String}[3]" classname="fr.bouvier.marc.kata.FizzBuzzTest" time="0"/>
  <testcase name="test_stage_2{int, String}[4]" classname="fr.bouvier.marc.kata.FizzBuzzTest" time="0.001"/>
  <testcase name="test_stage_2{int, String}[5]" classname="fr.bouvier.marc.kata.FizzBuzzTest" time="0.001"/>
  <testcase name="test_stage_2{int, String}[6]" classname="fr.bouvier.marc.kata.FizzBuzzTest" time="0"/>
  <testcase name="test_stage_2{int, String}[7]" classname="fr.bouvier.marc.kata.FizzBuzzTest" time="0.001"/>
  <testcase name="test_stage_2{int, String}[8]" classname="fr.bouvier.marc.kata.FizzBuzzTest" time="0.001"/>
  <testcase name="test_stage_2{int, String}[9]" classname="fr.bouvier.marc.kata.FizzBuzzTest" time="0"/>
  <testcase name="test_stage_2{int, String}[10]" classname="fr.bouvier.marc.kata.FizzBuzzTest" time="0.001"/>
  <testcase name="test_stage_2{int, String}[11]" classname="fr.bouvier.marc.kata.FizzBuzzTest" time="0.001"/>
  <testcase name="test_stage_2{int, String}[12]" classname="fr.bouvier.marc.kata.FizzBuzzTest" time="0"/>
  <testcase name="test_stage_2{int, String}[13]" classname="fr.bouvier.marc.kata.FizzBuzzTest" time="0.001"/>
  <testcase name="test_stage_2{int, String}[14]" classname="fr.bouvier.marc.kata.FizzBuzzTest" time="0"/>
  <testcase name="test_stage_2{int, String}[15]" classname="fr.bouvier.marc.kata.FizzBuzzTest" time="0"/>
  <testcase name="test_stage_2{int, String}[16]" classname="fr.bouvier.marc.kata.FizzBuzzTest" time="0.003"/>
  <testcase name="test_stage_2{int, String}[17]" classname="fr.bouvier.marc.kata.FizzBuzzTest" time="0"/>
  <testcase name="test_stage_2{int, String}[18]" classname="fr.bouvier.marc.kata.FizzBuzzTest" time="0.003"/>
  <testcase name="test_stage_2{int, String}[19]" classname="fr.bouvier.marc.kata.FizzBuzzTest" time="0.001"/>
  <testcase name="test_stage_2{int, String}[20]" classname="fr.bouvier.marc.kata.FizzBuzzTest" time="0.001"/>
  <testcase name="test_stage_2{int, String}[21]" classname="fr.bouvier.marc.kata.FizzBuzzTest" time="0.001"/>
  <testcase name="test_stage_2{int, String}[22]" classname="fr.bouvier.marc.kata.FizzBuzzTest" time="0.001"/>
  <testcase name="test_stage_2{int, String}[23]" classname="fr.bouvier.marc.kata.FizzBuzzTest" time="0.001"/>
  <testcase name="test_stage_2{int, String}[24]" classname="fr.bouvier.marc.kata.FizzBuzzTest" time="0.002"/>
  <testcase name="test_stage_2{int, String}[25]" classname="fr.bouvier.marc.kata.FizzBuzzTest" time="0.001"/>
  <testcase name="test_stage_2{int, String}[26]" classname="fr.bouvier.marc.kata.FizzBuzzTest" time="0.001"/>
  <testcase name="test_stage_2{int, String}[27]" classname="fr.bouvier.marc.kata.FizzBuzzTest" time="0.001"/>
  <testcase name="test_stage_2{int, String}[28]" classname="fr.bouvier.marc.kata.FizzBuzzTest" time="0.002"/>
  <testcase name="test_stage_2{int, String}[29]" classname="fr.bouvier.marc.kata.FizzBuzzTest" time="0.001"/>
  <testcase name="test_stage_2{int, String}[30]" classname="fr.bouvier.marc.kata.FizzBuzzTest" time="0.001"/>
  <testcase name="test_stage_2{int, String}[31]" classname="fr.bouvier.marc.kata.FizzBuzzTest" time="0.001"/>
  <testcase name="test_stage_2{int, String}[32]" classname="fr.bouvier.marc.kata.FizzBuzzTest" time="0.001"/>
  <testcase name="test_stage_2{int, String}[33]" classname="fr.bouvier.marc.kata.FizzBuzzTest" time="0"/>
  <testcase name="test_stage_2{int, String}[34]" classname="fr.bouvier.marc.kata.FizzBuzzTest" time="0"/>
  <testcase name="test_stage_2{int, String}[35]" classname="fr.bouvier.marc.kata.FizzBuzzTest" time="0"/>
  <testcase name="test_stage_2{int, String}[36]" classname="fr.bouvier.marc.kata.FizzBuzzTest" time="0"/>
  <testcase name="test_stage_2{int, String}[37]" classname="fr.bouvier.marc.kata.FizzBuzzTest" time="0.001"/>
  <testcase name="test_stage_2{int, String}[38]" classname="fr.bouvier.marc.kata.FizzBuzzTest" time="0"/>
  <testcase name="test_stage_2{int, String}[39]" classname="fr.bouvier.marc.kata.FizzBuzzTest" time="0"/>
  <testcase name="test_stage_2{int, String}[40]" classname="fr.bouvier.marc.kata.FizzBuzzTest" time="0"/>
  <testcase name="test_stage_2{int, String}[41]" classname="fr.bouvier.marc.kata.FizzBuzzTest" time="0"/>
  <testcase name="test_stage_2{int, String}[42]" classname="fr.bouvier.marc.kata.FizzBuzzTest" time="0"/>
  <testcase name="test_stage_2{int, String}[43]" classname="fr.bouvier.marc.kata.FizzBuzzTest" time="0"/>
  <testcase name="test_stage_2{int, String}[44]" classname="fr.bouvier.marc.kata.FizzBuzzTest" time="0.001"/>
  <testcase name="test_stage_2{int, String}[45]" classname="fr.bouvier.marc.kata.FizzBuzzTest" time="0.001"/>
  <testcase name="test_stage_2{int, String}[46]" classname="fr.bouvier.marc.kata.FizzBuzzTest" time="0"/>
  <testcase name="test_stage_2{int, String}[47]" classname="fr.bouvier.marc.kata.FizzBuzzTest" time="0.001"/>
  <testcase name="test_stage_2{int, String}[48]" classname="fr.bouvier.marc.kata.FizzBuzzTest" time="0"/>
  <testcase name="test_stage_2{int, String}[49]" classname="fr.bouvier.marc.kata.FizzBuzzTest" time="0"/>
  <testcase name="test_stage_2{int, String}[50]" classname="fr.bouvier.marc.kata.FizzBuzzTest" time="0.001"/>
  <testcase name="test_stage_2{int, String}[51]" classname="fr.bouvier.marc.kata.FizzBuzzTest" time="0.001"/>
  <testcase name="test_stage_2{int, String}[52]" classname="fr.bouvier.marc.kata.FizzBuzzTest" time="0"/>
  <testcase name="test_stage_2{int, String}[53]" classname="fr.bouvier.marc.kata.FizzBuzzTest" time="0.001"/>
  <testcase name="test_stage_2{int, String}[54]" classname="fr.bouvier.marc.kata.FizzBuzzTest" time="0"/>
  <testcase name="test_stage_2{int, String}[55]" classname="fr.bouvier.marc.kata.FizzBuzzTest" time="0"/>
  <testcase name="test_stage_2{int, String}[56]" classname="fr.bouvier.marc.kata.FizzBuzzTest" time="0.001"/>
  <testcase name="test_stage_2{int, String}[57]" classname="fr.bouvier.marc.kata.FizzBuzzTest" time="0"/>
  <testcase name="test_stage_2{int, String}[58]" classname="fr.bouvier.marc.kata.FizzBuzzTest" time="0"/>
  <testcase name="test_stage_2{int, String}[59]" classname="fr.bouvier.marc.kata.FizzBuzzTest" time="0.001"/>
  <testcase name="test_stage_2{int, String}[60]" classname="fr.bouvier.marc.kata.FizzBuzzTest" time="0.001"/>
  <testcase name="test_stage_2{int, String}[61]" classname="fr.bouvier.marc.kata.FizzBuzzTest" time="0"/>
  <testcase name="test_stage_2{int, String}[62]" classname="fr.bouvier.marc.kata.FizzBuzzTest" time="0.001"/>
  <testcase name="test_stage_2{int, String}[63]" classname="fr.bouvier.marc.kata.FizzBuzzTest" time="0.001"/>
  <testcase name="test_stage_2{int, String}[64]" classname="fr.bouvier.marc.kata.FizzBuzzTest" time="0.004"/>
  <testcase name="test_stage_2{int, String}[65]" classname="fr.bouvier.marc.kata.FizzBuzzTest" time="0"/>
  <testcase name="test_stage_2{int, String}[66]" classname="fr.bouvier.marc.kata.FizzBuzzTest" time="0.001"/>
  <testcase name="test_stage_2{int, String}[67]" classname="fr.bouvier.marc.kata.FizzBuzzTest" time="0.001"/>
  <testcase name="test_stage_2{int, String}[68]" classname="fr.bouvier.marc.kata.FizzBuzzTest" time="0.001"/>
  <testcase name="test_stage_2{int, String}[69]" classname="fr.bouvier.marc.kata.FizzBuzzTest" time="0"/>
  <testcase name="test_stage_2{int, String}[70]" classname="fr.bouvier.marc.kata.FizzBuzzTest" time="0.001"/>
  <testcase name="test_stage_2{int, String}[71]" classname="fr.bouvier.marc.kata.FizzBuzzTest" time="0.001"/>
  <testcase name="test_stage_2{int, String}[72]" classname="fr.bouvier.marc.kata.FizzBuzzTest" time="0.001"/>
  <testcase name="test_stage_2{int, String}[73]" classname="fr.bouvier.marc.kata.FizzBuzzTest" time="0.001"/>
  <testcase name="test_stage_2{int, String}[74]" classname="fr.bouvier.marc.kata.FizzBuzzTest" time="0.001"/>
  <testcase name="test_stage_2{int, String}[75]" classname="fr.bouvier.marc.kata.FizzBuzzTest" time="0.001"/>
  <testcase name="test_stage_2{int, String}[76]" classname="fr.bouvier.marc.kata.FizzBuzzTest" time="0"/>
  <testcase name="test_stage_2{int, String}[77]" classname="fr.bouvier.marc.kata.FizzBuzzTest" time="0"/>
  <testcase name="test_stage_2{int, String}[78]" classname="fr.bouvier.marc.kata.FizzBuzzTest" time="0.001"/>
  <testcase name="test_stage_2{int, String}[79]" classname="fr.bouvier.marc.kata.FizzBuzzTest" time="0.001"/>
  <testcase name="test_stage_2{int, String}[80]" classname="fr.bouvier.marc.kata.FizzBuzzTest" time="0"/>
  <testcase name="test_stage_2{int, String}[81]" classname="fr.bouvier.marc.kata.FizzBuzzTest" time="0"/>
  <testcase name="test_stage_2{int, String}[82]" classname="fr.bouvier.marc.kata.FizzBuzzTest" time="0.001"/>
  <testcase name="test_stage_2{int, String}[83]" classname="fr.bouvier.marc.kata.FizzBuzzTest" time="0.001"/>
  <testcase name="test_stage_2{int, String}[84]" classname="fr.bouvier.marc.kata.FizzBuzzTest" time="0"/>
  <testcase name="test_stage_2{int, String}[85]" classname="fr.bouvier.marc.kata.FizzBuzzTest" time="0.002"/>
  <testcase name="test_stage_2{int, String}[86]" classname="fr.bouvier.marc.kata.FizzBuzzTest" time="0"/>
  <testcase name="test_stage_2{int, String}[87]" classname="fr.bouvier.marc.kata.FizzBuzzTest" time="0.001"/>
  <testcase name="test_stage_2{int, String}[88]" classname="fr.bouvier.marc.kata.FizzBuzzTest" time="0.001"/>
  <testcase name="test_stage_2{int, String}[89]" classname="fr.bouvier.marc.kata.FizzBuzzTest" time="0.001"/>
  <testcase name="test_stage_2{int, String}[90]" classname="fr.bouvier.marc.kata.FizzBuzzTest" time="0.001"/>
  <testcase name="test_stage_2{int, String}[91]" classname="fr.bouvier.marc.kata.FizzBuzzTest" time="0.001"/>
  <testcase name="test_stage_2{int, String}[92]" classname="fr.bouvier.marc.kata.FizzBuzzTest" time="0"/>
  <testcase name="test_stage_2{int, String}[93]" classname="fr.bouvier.marc.kata.FizzBuzzTest" time="0"/>
  <testcase name="test_stage_2{int, String}[94]" classname="fr.bouvier.marc.kata.FizzBuzzTest" time="0"/>
  <testcase name="test_stage_2{int, String}[95]" classname="fr.bouvier.marc.kata.FizzBuzzTest" time="0"/>
  <testcase name="test_stage_2{int, String}[96]" classname="fr.bouvier.marc.kata.FizzBuzzTest" time="0"/>
  <testcase name="test_stage_2{int, String}[97]" classname="fr.bouvier.marc.kata.FizzBuzzTest" time="0"/>
  <testcase name="test_stage_2{int, String}[98]" classname="fr.bouvier.marc.kata.FizzBuzzTest" time="0.001"/>
  <testcase name="test_stage_2{int, String}[99]" classname="fr.bouvier.marc.kata.FizzBuzzTest" time="0.001"/>
  <testcase name="test_stage_2{int, String}[100]" classname="fr.bouvier.marc.kata.FizzBuzzTest" time="0.001"/>
</testsuite>