<?xml version="1.0" encoding="UTF-8"?>
<testsuite xmlns:xsi="http://www.w3.org/2001/XMLSchema-instance" xsi:noNamespaceSchemaLocation="https://maven.apache.org/surefire/maven-surefire-plugin/xsd/surefire-test-report.xsd" name="FizzBuzzTest" time="0.568" tests="100" errors="0" skipped="0" failures="0">
  <properties>
[...]
</properties>
  <testcase name="test_fizz{int, String}[1]" classname="FizzBuzzTest" time="0.068"/>
  <testcase name="test_fizz{int, String}[2]" classname="FizzBuzzTest" time="0"/>
  <testcase name="test_fizz{int, String}[3]" classname="FizzBuzzTest" time="0.002"/>
  <testcase name="test_fizz{int, String}[4]" classname="FizzBuzzTest" time="0.002"/>
  <testcase name="test_fizz{int, String}[5]" classname="FizzBuzzTest" time="0.002"/>
  <testcase name="test_fizz{int, String}[6]" classname="FizzBuzzTest" time="0.001"/>
  <testcase name="test_fizz{int, String}[7]" classname="FizzBuzzTest" time="0.001"/>
  <testcase name="test_fizz{int, String}[8]" classname="FizzBuzzTest" time="0.001"/>
  <testcase name="test_fizz{int, String}[9]" classname="FizzBuzzTest" time="0.001"/>
  <testcase name="test_fizz{int, String}[10]" classname="FizzBuzzTest" time="0.001"/>
  <testcase name="test_fizz{int, String}[11]" classname="FizzBuzzTest" time="0.01"/>
  <testcase name="test_fizz{int, String}[12]" classname="FizzBuzzTest" time="0"/>
  <testcase name="test_fizz{int, String}[13]" classname="FizzBuzzTest" time="0.002"/>
  <testcase name="test_fizz{int, String}[14]" classname="FizzBuzzTest" time="0"/>
  <testcase name="test_fizz{int, String}[15]" classname="FizzBuzzTest" time="0.002"/>
  <testcase name="test_fizz{int, String}[16]" classname="FizzBuzzTest" time="0.002"/>
  <testcase name="test_fizz{int, String}[17]" classname="FizzBuzzTest" time="0.001"/>
  <testcase name="test_fizz{int, String}[18]" classname="FizzBuzzTest" time="0.002"/>
  <testcase name="test_fizz{int, String}[19]" classname="FizzBuzzTest" time="0.001"/>
  <testcase name="test_fizz{int, String}[20]" classname="FizzBuzzTest" time="0.001"/>
  <testcase name="test_fizz{int, String}[21]" classname="FizzBuzzTest" time="0.001"/>
  <testcase name="test_fizz{int, String}[22]" classname="FizzBuzzTest" time="0.004"/>
  <testcase name="test_fizz{int, String}[23]" classname="FizzBuzzTest" time="0.001"/>
  <testcase name="test_fizz{int, String}[24]" classname="FizzBuzzTest" time="0.001"/>
  <testcase name="test_fizz{int, String}[25]" classname="FizzBuzzTest" time="0.001"/>
  <testcase name="test_fizz{int, String}[26]" classname="FizzBuzzTest" time="0.001"/>
  <testcase name="test_fizz{int, String}[27]" classname="FizzBuzzTest" time="0.001"/>
  <testcase name="test_fizz{int, String}[28]" classname="FizzBuzzTest" time="0.001"/>
  <testcase name="test_fizz{int, String}[29]" classname="FizzBuzzTest" time="0.001"/>
  <testcase name="test_fizz{int, String}[30]" classname="FizzBuzzTest" time="0.001"/>
  <testcase name="test_fizz{int, String}[31]" classname="FizzBuzzTest" time="0.002"/>
  <testcase name="test_fizz{int, String}[32]" classname="FizzBuzzTest" time="0.001"/>
  <testcase name="test_fizz{int, String}[33]" classname="FizzBuzzTest" time="0.001"/>
  <testcase name="test_fizz{int, String}[34]" classname="FizzBuzzTest" time="0"/>
  <testcase name="test_fizz{int, String}[35]" classname="FizzBuzzTest" time="0.001"/>
  <testcase name="test_fizz{int, String}[36]" classname="FizzBuzzTest" time="0.001"/>
  <testcase name="test_fizz{int, String}[37]" classname="FizzBuzzTest" time="0.001"/>
  <testcase name="test_fizz{int, String}[38]" classname="FizzBuzzTest" time="0.001"/>
  <testcase name="test_fizz{int, String}[39]" classname="FizzBuzzTest" time="0.001"/>
  <testcase name="test_fizz{int, String}[40]" classname="FizzBuzzTest" time="0.001"/>
  <testcase name="test_fizz{int, String}[41]" classname="FizzBuzzTest" time="0"/>
  <testcase name="test_fizz{int, String}[42]" classname="FizzBuzzTest" time="0"/>
  <testcase name="test_fizz{int, String}[43]" classname="FizzBuzzTest" time="0.001"/>
  <testcase name="test_fizz{int, String}[44]" classname="FizzBuzzTest" time="0.001"/>
  <testcase name="test_fizz{int, String}[45]" classname="FizzBuzzTest" time="0"/>
  <testcase name="test_fizz{int, String}[46]" classname="FizzBuzzTest" time="0.001"/>
  <testcase name="test_fizz{int, String}[47]" classname="FizzBuzzTest" time="0.001"/>
  <testcase name="test_fizz{int, String}[48]" classname="FizzBuzzTest" time="0.001"/>
  <testcase name="test_fizz{int, String}[49]" classname="FizzBuzzTest" time="0"/>
  <testcase name="test_fizz{int, String}[50]" classname="FizzBuzzTest" time="0.001"/>
  <testcase name="test_fizz{int, String}[51]" classname="FizzBuzzTest" time="0.001"/>
  <testcase name="test_fizz{int, String}[52]" classname="FizzBuzzTest" time="0.001"/>
  <testcase name="test_fizz{int, String}[53]" classname="FizzBuzzTest" time="0.001"/>
  <testcase name="test_fizz{int, String}[54]" classname="FizzBuzzTest" time="0.001"/>
  <testcase name="test_fizz{int, String}[55]" classname="FizzBuzzTest" time="0.001"/>
  <testcase name="test_fizz{int, String}[56]" classname="FizzBuzzTest" time="0.001"/>
  <testcase name="test_fizz{int, String}[57]" classname="FizzBuzzTest" time="0.001"/>
  <testcase name="test_fizz{int, String}[58]" classname="FizzBuzzTest" time="0.001"/>
  <testcase name="test_fizz{int, String}[59]" classname="FizzBuzzTest" time="0"/>
  <testcase name="test_fizz{int, String}[60]" classname="FizzBuzzTest" time="0"/>
  <testcase name="test_fizz{int, String}[61]" classname="FizzBuzzTest" time="0.001"/>
  <testcase name="test_fizz{int, String}[62]" classname="FizzBuzzTest" time="0"/>
  <testcase name="test_fizz{int, String}[63]" classname="FizzBuzzTest" time="0"/>
  <testcase name="test_fizz{int, String}[64]" classname="FizzBuzzTest" time="0.001"/>
  <testcase name="test_fizz{int, String}[65]" classname="FizzBuzzTest" time="0"/>
  <testcase name="test_fizz{int, String}[66]" classname="FizzBuzzTest" time="0"/>
  <testcase name="test_fizz{int, String}[67]" classname="FizzBuzzTest" time="0"/>
  <testcase name="test_fizz{int, String}[68]" classname="FizzBuzzTest" time="0"/>
  <testcase name="test_fizz{int, String}[69]" classname="FizzBuzzTest" time="0"/>
  <testcase name="test_fizz{int, String}[70]" classname="FizzBuzzTest" time="0.001"/>
  <testcase name="test_fizz{int, String}[71]" classname="FizzBuzzTest" time="0.001"/>
  <testcase name="test_fizz{int, String}[72]" classname="FizzBuzzTest" time="0"/>
  <testcase name="test_fizz{int, String}[73]" classname="FizzBuzzTest" time="0.001"/>
  <testcase name="test_fizz{int, String}[74]" classname="FizzBuzzTest" time="0"/>
  <testcase name="test_fizz{int, String}[75]" classname="FizzBuzzTest" time="0"/>
  <testcase name="test_fizz{int, String}[76]" classname="FizzBuzzTest" time="0.001"/>
  <testcase name="test_fizz{int, String}[77]" classname="FizzBuzzTest" time="0"/>
  <testcase name="test_fizz{int, String}[78]" classname="FizzBuzzTest" time="0.001"/>
  <testcase name="test_fizz{int, String}[79]" classname="FizzBuzzTest" time="0"/>
  <testcase name="test_fizz{int, String}[80]" classname="FizzBuzzTest" time="0"/>
  <testcase name="test_fizz{int, String}[81]" classname="FizzBuzzTest" time="0.001"/>
  <testcase name="test_fizz{int, String}[82]" classname="FizzBuzzTest" time="0.001"/>
  <testcase name="test_fizz{int, String}[83]" classname="FizzBuzzTest" time="0.001"/>
  <testcase name="test_fizz{int, String}[84]" classname="FizzBuzzTest" time="0.001"/>
  <testcase name="test_fizz{int, String}[85]" classname="FizzBuzzTest" time="0.001"/>
  <testcase name="test_fizz{int, String}[86]" classname="FizzBuzzTest" time="0.001"/>
  <testcase name="test_fizz{int, String}[87]" classname="FizzBuzzTest" time="0.001"/>
  <testcase name="test_fizz{int, String}[88]" classname="FizzBuzzTest" time="0.001"/>
  <testcase name="test_fizz{int, String}[89]" classname="FizzBuzzTest" time="0"/>
  <testcase name="test_fizz{int, String}[90]" classname="FizzBuzzTest" time="0.001"/>
  <testcase name="test_fizz{int, String}[91]" classname="FizzBuzzTest" time="0.001"/>
  <testcase name="test_fizz{int, String}[92]" classname="FizzBuzzTest" time="0.001"/>
  <testcase name="test_fizz{int, String}[93]" classname="FizzBuzzTest" time="0.001"/>
  <testcase name="test_fizz{int, String}[94]" classname="FizzBuzzTest" time="0.001"/>
  <testcase name="test_fizz{int, String}[95]" classname="FizzBuzzTest" time="0.001"/>
  <testcase name="test_fizz{int, String}[96]" classname="FizzBuzzTest" time="0.001"/>
  <testcase name="test_fizz{int, String}[97]" classname="FizzBuzzTest" time="0.001"/>
  <testcase name="test_fizz{int, String}[98]" classname="FizzBuzzTest" time="0"/>
  <testcase name="test_fizz{int, String}[99]" classname="FizzBuzzTest" time="0.001"/>
  <testcase name="test_fizz{int, String}[100]" classname="FizzBuzzTest" time="0.002"/>
</testsuite>